1624494062568	geckodriver	INFO	Listening on 127.0.0.1:63539
1624494065626	mozrunner::runner	INFO	Running command: "C:\\Program Files\\Mozilla Firefox\\firefox.exe" "--marionette" "-foreground" "-no-remote" "-profile" "C:\\Users\\mikha\\AppData\\Local\\Temp\\rust_mozprofileEG6QDB"
1624494066239	Marionette	INFO	Marionette enabled
JavaScript error: resource:///modules/BrowserGlue.jsm, line 1346: uncaught exception: undefined
console.warn: SearchSettings: "get: No settings file exists, new profile?" (new NotFoundError("Could not open the file at C:\\Users\\mikha\\AppData\\Local\\Temp\\rust_mozprofileEG6QDB\\search.json.mozlz4", (void 0)))
1624494068363	Marionette	INFO	Listening on port 57230
1624494068836	Marionette	WARN	TLS certificate errors will be ignored for this session
console.error: Region.jsm: "Error fetching region" (new TypeError("NetworkError when attempting to fetch resource.", ""))
console.error: Region.jsm: "Failed to fetch region" (new Error("NO_RESULT", "resource://gre/modules/Region.jsm", 419))
1624494081874	Marionette	WARN	Ignoring event 'pageshow' because document has an invalid readyState of 'uninitialized'.
1624494100197	Marionette	INFO	Stopped listening on port 57230
1624496108997	geckodriver	INFO	Listening on 127.0.0.1:56024
1624496112075	mozrunner::runner	INFO	Running command: "C:\\Program Files\\Mozilla Firefox\\firefox.exe" "--marionette" "-foreground" "-no-remote" "-profile" "C:\\Users\\mikha\\AppData\\Local\\Temp\\rust_mozprofileW3XUni"
1624496112767	Marionette	INFO	Marionette enabled
JavaScript error: resource://gre/modules/XULStore.jsm, line 66: Error: Can't find profile directory.
console.warn: SearchSettings: "get: No settings file exists, new profile?" (new NotFoundError("Could not open the file at C:\\Users\\mikha\\AppData\\Local\\Temp\\rust_mozprofileW3XUni\\search.json.mozlz4", (void 0)))
1624496116223	Marionette	INFO	Listening on port 64065
1624496116327	Marionette	WARN	TLS certificate errors will be ignored for this session
console.error: Region.jsm: "Error fetching region" (new TypeError("NetworkError when attempting to fetch resource.", ""))
console.error: Region.jsm: "Failed to fetch region" (new Error("NO_RESULT", "resource://gre/modules/Region.jsm", 419))
1624496128548	Marionette	WARN	Ignoring event 'pageshow' because document has an invalid readyState of 'uninitialized'.
1624496145321	Marionette	INFO	Stopped listening on port 64065

###!!! [Child][RunMessage] Error: Channel closing: too late to send/recv, messages will be lost

1630941604291	geckodriver	INFO	Listening on 127.0.0.1:61561
1630941607339	mozrunner::runner	INFO	Running command: "C:\\Program Files\\Mozilla Firefox\\firefox.exe" "--marionette" "-foreground" "-no-remote" "-profile" "C:\\Users\\mikha\\AppData\\Local\\Temp\\rust_mozprofile3QS2ZM"
1630941608095	Marionette	INFO	Marionette enabled
JavaScript error: resource://gre/modules/XULStore.jsm, line 66: Error: Can't find profile directory.
console.warn: SearchSettings: "get: No settings file exists, new profile?" (new NotFoundError("Could not open the file at C:\\Users\\mikha\\AppData\\Local\\Temp\\rust_mozprofile3QS2ZM\\search.json.mozlz4", (void 0)))
1630941611480	Marionette	INFO	Listening on port 61570
1630941611563	RemoteAgent	WARN	TLS certificate errors will be ignored for this session
1630941612582	Marionette	WARN	Ignoring event 'pageshow' because document has an invalid readyState of 'uninitialized'.
console.error: Region.jsm: "Error fetching region" (new TypeError("NetworkError when attempting to fetch resource.", ""))
console.error: Region.jsm: "Failed to fetch region" (new Error("NO_RESULT", "resource://gre/modules/Region.jsm", 419))
JavaScript error: resource://devtools/server/actors/network-monitor/network-event-actor.js, line 109: Error: Got a request https://www.youtube.com/s/desktop/4eebcda0/cssbin/www-main-desktop-home-page-skeleton.css without a browsingContextID set
JavaScript error: resource://devtools/server/actors/network-monitor/network-event-actor.js, line 109: Error: Got a request https://www.youtube.com/s/desktop/4eebcda0/cssbin/www-onepick.css without a browsingContextID set
JavaScript error: resource://devtools/server/actors/network-monitor/network-event-actor.js, line 109: Error: Got a request https://www.youtube.com/s/desktop/4eebcda0/cssbin/www-main-desktop-watch-page-skeleton.css without a browsingContextID set
1630942052316	Marionette	INFO	Stopped listening on port 61570
JavaScript error: resource:///modules/Interactions.jsm, line 209: NS_ERROR_FAILURE: Component returned failure code: 0x80004005 (NS_ERROR_FAILURE) [nsIUserIdleService.removeIdleObserver]

###!!! [Parent][RunMessage] Error: Channel closing: too late to send/recv, messages will be lost

1630942104525	geckodriver	INFO	Listening on 127.0.0.1:55440
1630942107576	mozrunner::runner	INFO	Running command: "C:\\Program Files\\Mozilla Firefox\\firefox.exe" "--marionette" "-foreground" "-no-remote" "-profile" "C:\\Users\\mikha\\AppData\\Local\\Temp\\rust_mozprofilediqMPs"
1630942108334	Marionette	INFO	Marionette enabled
JavaScript error: resource://gre/modules/XULStore.jsm, line 66: Error: Can't find profile directory.
console.warn: SearchSettings: "get: No settings file exists, new profile?" (new NotFoundError("Could not open the file at C:\\Users\\mikha\\AppData\\Local\\Temp\\rust_mozprofilediqMPs\\search.json.mozlz4", (void 0)))
1630942112334	Marionette	INFO	Listening on port 55450
1630942112403	RemoteAgent	WARN	TLS certificate errors will be ignored for this session
1630942113531	Marionette	WARN	Ignoring event 'pageshow' because document has an invalid readyState of 'uninitialized'.
console.error: Region.jsm: "Error fetching region" (new TypeError("NetworkError when attempting to fetch resource.", ""))
console.error: Region.jsm: "Failed to fetch region" (new Error("NO_RESULT", "resource://gre/modules/Region.jsm", 419))
JavaScript error: resource://devtools/server/actors/network-monitor/network-event-actor.js, line 109: Error: Got a request https://www.youtube.com/s/desktop/4eebcda0/cssbin/www-main-desktop-home-page-skeleton.css without a browsingContextID set
JavaScript error: resource://devtools/server/actors/network-monitor/network-event-actor.js, line 109: Error: Got a request https://www.youtube.com/s/desktop/4eebcda0/cssbin/www-onepick.css without a browsingContextID set
JavaScript error: resource://devtools/server/actors/network-monitor/network-event-actor.js, line 109: Error: Got a request https://www.youtube.com/s/desktop/4eebcda0/cssbin/www-main-desktop-watch-page-skeleton.css without a browsingContextID set
1630942457545	Marionette	INFO	Stopped listening on port 55450
JavaScript error: resource:///modules/Interactions.jsm, line 209: NS_ERROR_FAILURE: Component returned failure code: 0x80004005 (NS_ERROR_FAILURE) [nsIUserIdleService.removeIdleObserver]

###!!! [Parent][RunMessage] Error: Channel closing: too late to send/recv, messages will be lost

urce://gre/modules/XULStore.jsm, line 66: Error: Can't find profile directory.
console.warn: SearchSettings: "get: No settings file exists, new profile?" (new NotFoundError("Could not open the file at C:\\Users\\mikha\\AppData\\Local\\Temp\\rust_mozprofileLX3N7G\\search.json.mozlz4", (void 0)))
1630942458276	Marionette	INFO	Listening on port 50017
1630942458357	RemoteAgent	WARN	TLS certificate errors will be ignored for this session
1630942459386	Marionette	WARN	Ignoring event 'pageshow' because document has an invalid readyState of 'uninitialized'.
console.error: Region.jsm: "Error fetching region" (new TypeError("NetworkError when attempting to fetch resource.", ""))
console.error: Region.jsm: "Failed to fetch region" (new Error("NO_RESULT", "resource://gre/modules/Region.jsm", 419))
1630942473144	Marionette	INFO	Stopped listening on port 50017
JavaScript error: resource:///modules/Interactions.jsm, line 209: NS_ERROR_FAILURE: Component returned failure code: 0x80004005 (NS_ERROR_FAILURE) [nsIUserIdleService.removeIdleObserver]

###!!! [Child][RunMessage] Error: Channel closing: too late to send/recv, messages will be lost


###!!! [Child][RunMessage] Error: Channel closing: too late to send/recv, messages will be lost


###!!! [Parent][MessageChannel] Error: (msgtype=0x390076,name=PContent::Msg_DestroyBrowsingContextGroup) Closed channel: cannot send/recv


###!!! [Child][RunMessage] Error: Channel closing: too late to send/recv, messages will be lost

1630942582278	geckodriver	INFO	Listening on 127.0.0.1:62785
1630942585355	mozrunner::runner	INFO	Running command: "C:\\Program Files\\Mozilla Firefox\\firefox.exe" "--marionette" "-foreground" "-no-remote" "-profile" "C:\\Users\\mikha\\AppData\\Local\\Temp\\rust_mozprofile2dG4vJ"
1630942586214	Marionette	INFO	Marionette enabled
JavaScript error: resource://gre/modules/XULStore.jsm, line 66: Error: Can't find profile directory.
console.warn: SearchSettings: "get: No settings file exists, new profile?" (new NotFoundError("Could not open the file at C:\\Users\\mikha\\AppData\\Local\\Temp\\rust_mozprofile2dG4vJ\\search.json.mozlz4", (void 0)))
1630942590123	Marionette	INFO	Listening on port 62794
1630942590194	RemoteAgent	WARN	TLS certificate errors will be ignored for this session
console.error: Region.jsm: "Error fetching region" (new TypeError("NetworkError when attempting to fetch resource.", ""))
console.error: Region.jsm: "Failed to fetch region" (new Error("NO_RESULT", "resource://gre/modules/Region.jsm", 419))
1630942602134	Marionette	WARN	Ignoring event 'pageshow' because document has an invalid readyState of 'uninitialized'.
1630942614770	Marionette	INFO	Stopped listening on port 62794
JavaScript error: resource:///modules/Interactions.jsm, line 209: NS_ERROR_FAILURE: Component returned failure code: 0x80004005 (NS_ERROR_FAILURE) [nsIUserIdleService.removeIdleObserver]

###!!! [Child][RunMessage] Error: Channel closing: too late to send/recv, messages will be lost


###!!! [Child][RunMessage] Error: Channel closing: too late to send/recv, messages will be lost


###!!! [Parent][MessageChannel] Error: (msgtype=0x390076,name=PContent::Msg_DestroyBrowsingContextGroup) Closed channel: cannot send/recv


###!!! [Child][RunMessage] Error: Channel closing: too late to send/recv, messages will be lost


###!!! [Parent][RunMessage] Error: Channel closing: too late to send/recv, messages will be lost

